[0.153s] DEBUG:colcon:Command line arguments: ['/usr/bin/colcon', 'build']
[0.153s] DEBUG:colcon:Parsed command line arguments: Namespace(log_base=None, log_level=None, verb_name='build', build_base='build', install_base='install', merge_install=False, symlink_install=False, test_result_base=None, continue_on_error=False, executor='parallel', parallel_workers=12, event_handlers=None, ignore_user_meta=False, metas=['./colcon.meta'], base_paths=['.'], packages_ignore=None, packages_ignore_regex=None, paths=None, packages_up_to=None, packages_up_to_regex=None, packages_above=None, packages_above_and_dependencies=None, packages_above_depth=None, packages_select_by_dep=None, packages_skip_by_dep=None, packages_skip_up_to=None, packages_select_build_failed=False, packages_skip_build_finished=False, packages_select_test_failures=False, packages_skip_test_passed=False, packages_select=None, packages_skip=None, packages_select_regex=None, packages_skip_regex=None, packages_start=None, packages_end=None, allow_overriding=[], cmake_args=None, cmake_target=None, cmake_target_skip_unavailable=False, cmake_clean_cache=False, cmake_clean_first=False, cmake_force_configure=False, ament_cmake_args=None, catkin_cmake_args=None, catkin_skip_building_tests=False, mixin_files=None, mixin=None, verb_parser=<colcon_mixin.mixin.mixin_argument.MixinArgumentDecorator object at 0x7f5f5cd137d0>, verb_extension=<colcon_core.verb.build.BuildVerb object at 0x7f5f5cd137a0>, main=<bound method BuildVerb.main of <colcon_core.verb.build.BuildVerb object at 0x7f5f5cd137a0>>, mixin_verb=('build',))
[0.186s] Level 1:colcon.colcon_core.package_discovery:discover_packages(colcon_meta) check parameters
[0.186s] Level 1:colcon.colcon_core.package_discovery:discover_packages(recursive) check parameters
[0.186s] Level 1:colcon.colcon_core.package_discovery:discover_packages(ignore) check parameters
[0.186s] Level 1:colcon.colcon_core.package_discovery:discover_packages(path) check parameters
[0.186s] Level 1:colcon.colcon_core.package_discovery:discover_packages(colcon_meta) discover
[0.186s] Level 1:colcon.colcon_core.package_discovery:discover_packages(recursive) discover
[0.186s] INFO:colcon.colcon_core.package_discovery:Crawling recursively for packages in '/home/sam/ros2_ws/src/rob_monitoring'
[0.186s] Level 1:colcon.colcon_core.package_identification:_identify(.) by extensions ['ignore', 'ignore_ament_install']
[0.186s] Level 1:colcon.colcon_core.package_identification:_identify(.) by extension 'ignore'
[0.186s] Level 1:colcon.colcon_core.package_identification:_identify(.) by extension 'ignore_ament_install'
[0.186s] Level 1:colcon.colcon_core.package_identification:_identify(.) by extensions ['colcon_pkg']
[0.186s] Level 1:colcon.colcon_core.package_identification:_identify(.) by extension 'colcon_pkg'
[0.187s] Level 1:colcon.colcon_core.package_identification:_identify(.) by extensions ['colcon_meta']
[0.187s] Level 1:colcon.colcon_core.package_identification:_identify(.) by extension 'colcon_meta'
[0.187s] Level 1:colcon.colcon_core.package_identification:_identify(.) by extensions ['ros']
[0.187s] Level 1:colcon.colcon_core.package_identification:_identify(.) by extension 'ros'
[0.206s] DEBUG:colcon.colcon_core.package_identification:Package '.' with type 'ros.ament_python' and name 'rob_monitoring'
[0.206s] Level 1:colcon.colcon_core.package_discovery:discover_packages(recursive) using defaults
[0.206s] Level 1:colcon.colcon_core.package_discovery:discover_packages(ignore) discover
[0.206s] Level 1:colcon.colcon_core.package_discovery:discover_packages(ignore) using defaults
[0.206s] Level 1:colcon.colcon_core.package_discovery:discover_packages(path) discover
[0.206s] Level 1:colcon.colcon_core.package_discovery:discover_packages(path) using defaults
[0.220s] Level 1:colcon.colcon_core.package_discovery:discover_packages(prefix_path) check parameters
[0.220s] Level 1:colcon.colcon_core.package_discovery:discover_packages(prefix_path) discover
[0.224s] DEBUG:colcon.colcon_installed_package_information.package_discovery:Found 285 installed packages in /opt/ros/jazzy
[0.224s] Level 1:colcon.colcon_core.package_discovery:discover_packages(prefix_path) using defaults
[0.277s] Level 5:colcon.colcon_core.verb:set package 'rob_monitoring' build argument 'cmake_args' from command line to 'None'
[0.277s] Level 5:colcon.colcon_core.verb:set package 'rob_monitoring' build argument 'cmake_target' from command line to 'None'
[0.277s] Level 5:colcon.colcon_core.verb:set package 'rob_monitoring' build argument 'cmake_target_skip_unavailable' from command line to 'False'
[0.277s] Level 5:colcon.colcon_core.verb:set package 'rob_monitoring' build argument 'cmake_clean_cache' from command line to 'False'
[0.277s] Level 5:colcon.colcon_core.verb:set package 'rob_monitoring' build argument 'cmake_clean_first' from command line to 'False'
[0.277s] Level 5:colcon.colcon_core.verb:set package 'rob_monitoring' build argument 'cmake_force_configure' from command line to 'False'
[0.277s] Level 5:colcon.colcon_core.verb:set package 'rob_monitoring' build argument 'ament_cmake_args' from command line to 'None'
[0.277s] Level 5:colcon.colcon_core.verb:set package 'rob_monitoring' build argument 'catkin_cmake_args' from command line to 'None'
[0.277s] Level 5:colcon.colcon_core.verb:set package 'rob_monitoring' build argument 'catkin_skip_building_tests' from command line to 'False'
[0.277s] DEBUG:colcon.colcon_core.verb:Building package 'rob_monitoring' with the following arguments: {'ament_cmake_args': None, 'build_base': '/home/sam/ros2_ws/src/rob_monitoring/build/rob_monitoring', 'catkin_cmake_args': None, 'catkin_skip_building_tests': False, 'cmake_args': None, 'cmake_clean_cache': False, 'cmake_clean_first': False, 'cmake_force_configure': False, 'cmake_target': None, 'cmake_target_skip_unavailable': False, 'install_base': '/home/sam/ros2_ws/src/rob_monitoring/install/rob_monitoring', 'merge_install': False, 'path': '/home/sam/ros2_ws/src/rob_monitoring', 'symlink_install': False, 'test_result_base': None}
[0.277s] INFO:colcon.colcon_core.executor:Executing jobs using 'parallel' executor
[0.278s] DEBUG:colcon.colcon_parallel_executor.executor.parallel:run_until_complete
[0.278s] INFO:colcon.colcon_ros.task.ament_python.build:Building ROS package in '/home/sam/ros2_ws/src/rob_monitoring' with build type 'ament_python'
[0.278s] Level 1:colcon.colcon_core.shell:create_environment_hook('rob_monitoring', 'ament_prefix_path')
[0.281s] INFO:colcon.colcon_core.plugin_system:Skipping extension 'colcon_core.shell.bat': Not used on non-Windows systems
[0.282s] INFO:colcon.colcon_core.shell:Creating environment hook '/home/sam/ros2_ws/src/rob_monitoring/install/rob_monitoring/share/rob_monitoring/hook/ament_prefix_path.ps1'
[0.282s] INFO:colcon.colcon_core.shell:Creating environment descriptor '/home/sam/ros2_ws/src/rob_monitoring/install/rob_monitoring/share/rob_monitoring/hook/ament_prefix_path.dsv'
[0.282s] INFO:colcon.colcon_core.shell:Creating environment hook '/home/sam/ros2_ws/src/rob_monitoring/install/rob_monitoring/share/rob_monitoring/hook/ament_prefix_path.sh'
[0.283s] INFO:colcon.colcon_core.shell:Skip shell extension 'powershell' for command environment: Not usable outside of PowerShell
[0.283s] DEBUG:colcon.colcon_core.shell:Skip shell extension 'dsv' for command environment
[0.380s] INFO:colcon.colcon_core.task.python.build:Building Python package in '/home/sam/ros2_ws/src/rob_monitoring'
[0.380s] INFO:colcon.colcon_core.shell:Skip shell extension 'powershell' for command environment: Not usable outside of PowerShell
[0.380s] DEBUG:colcon.colcon_core.shell:Skip shell extension 'dsv' for command environment
[0.815s] DEBUG:colcon.colcon_core.event_handler.log_command:Invoking command in '/home/sam/ros2_ws/src/rob_monitoring': PYTHONPATH=/home/sam/ros2_ws/src/rob_monitoring/build/rob_monitoring/prefix_override:/usr/lib/python3/dist-packages/colcon_core/task/python/colcon_distutils_commands:/home/sam/ros2_ws/src/rob_monitoring/install/rob_monitoring/lib/python3.12/site-packages:${PYTHONPATH} /usr/bin/python3 -W ignore:setup.py install is deprecated setup.py egg_info --egg-base build/rob_monitoring build --build-base /home/sam/ros2_ws/src/rob_monitoring/build/rob_monitoring/build install --record /home/sam/ros2_ws/src/rob_monitoring/build/rob_monitoring/install.log --single-version-externally-managed install_data
[1.034s] DEBUG:colcon.colcon_core.event_handler.log_command:Invoked command in '/home/sam/ros2_ws/src/rob_monitoring' returned '0': PYTHONPATH=/home/sam/ros2_ws/src/rob_monitoring/build/rob_monitoring/prefix_override:/usr/lib/python3/dist-packages/colcon_core/task/python/colcon_distutils_commands:/home/sam/ros2_ws/src/rob_monitoring/install/rob_monitoring/lib/python3.12/site-packages:${PYTHONPATH} /usr/bin/python3 -W ignore:setup.py install is deprecated setup.py egg_info --egg-base build/rob_monitoring build --build-base /home/sam/ros2_ws/src/rob_monitoring/build/rob_monitoring/build install --record /home/sam/ros2_ws/src/rob_monitoring/build/rob_monitoring/install.log --single-version-externally-managed install_data
[1.038s] Level 1:colcon.colcon_core.environment:checking '/home/sam/ros2_ws/src/rob_monitoring/install/rob_monitoring' for CMake module files
[1.038s] Level 1:colcon.colcon_core.environment:checking '/home/sam/ros2_ws/src/rob_monitoring/install/rob_monitoring' for CMake config files
[1.040s] Level 1:colcon.colcon_core.environment:checking '/home/sam/ros2_ws/src/rob_monitoring/install/rob_monitoring/lib'
[1.040s] Level 1:colcon.colcon_core.environment:checking '/home/sam/ros2_ws/src/rob_monitoring/install/rob_monitoring/bin'
[1.040s] Level 1:colcon.colcon_core.environment:checking '/home/sam/ros2_ws/src/rob_monitoring/install/rob_monitoring/lib/pkgconfig/rob_monitoring.pc'
[1.040s] Level 1:colcon.colcon_core.environment:checking '/home/sam/ros2_ws/src/rob_monitoring/install/rob_monitoring/lib/python3.12/site-packages'
[1.040s] Level 1:colcon.colcon_core.shell:create_environment_hook('rob_monitoring', 'pythonpath')
[1.040s] INFO:colcon.colcon_core.shell:Creating environment hook '/home/sam/ros2_ws/src/rob_monitoring/install/rob_monitoring/share/rob_monitoring/hook/pythonpath.ps1'
[1.041s] INFO:colcon.colcon_core.shell:Creating environment descriptor '/home/sam/ros2_ws/src/rob_monitoring/install/rob_monitoring/share/rob_monitoring/hook/pythonpath.dsv'
[1.041s] INFO:colcon.colcon_core.shell:Creating environment hook '/home/sam/ros2_ws/src/rob_monitoring/install/rob_monitoring/share/rob_monitoring/hook/pythonpath.sh'
[1.041s] Level 1:colcon.colcon_core.environment:checking '/home/sam/ros2_ws/src/rob_monitoring/install/rob_monitoring/bin'
[1.041s] Level 1:colcon.colcon_core.environment:create_environment_scripts_only(rob_monitoring)
[1.041s] INFO:colcon.colcon_core.shell:Creating package script '/home/sam/ros2_ws/src/rob_monitoring/install/rob_monitoring/share/rob_monitoring/package.ps1'
[1.042s] INFO:colcon.colcon_core.shell:Creating package descriptor '/home/sam/ros2_ws/src/rob_monitoring/install/rob_monitoring/share/rob_monitoring/package.dsv'
[1.042s] INFO:colcon.colcon_core.shell:Creating package script '/home/sam/ros2_ws/src/rob_monitoring/install/rob_monitoring/share/rob_monitoring/package.sh'
[1.043s] INFO:colcon.colcon_core.shell:Creating package script '/home/sam/ros2_ws/src/rob_monitoring/install/rob_monitoring/share/rob_monitoring/package.bash'
[1.043s] INFO:colcon.colcon_core.shell:Creating package script '/home/sam/ros2_ws/src/rob_monitoring/install/rob_monitoring/share/rob_monitoring/package.zsh'
[1.044s] Level 1:colcon.colcon_core.environment:create_file_with_runtime_dependencies(/home/sam/ros2_ws/src/rob_monitoring/install/rob_monitoring/share/colcon-core/packages/rob_monitoring)
[1.044s] DEBUG:colcon.colcon_parallel_executor.executor.parallel:closing loop
[1.044s] DEBUG:colcon.colcon_parallel_executor.executor.parallel:loop closed
[1.044s] DEBUG:colcon.colcon_parallel_executor.executor.parallel:run_until_complete finished with '0'
[1.044s] DEBUG:colcon.colcon_core.event_reactor:joining thread
[1.060s] INFO:colcon.colcon_core.plugin_system:Skipping extension 'colcon_notification.desktop_notification.notify_send': Could not find 'notify-send'
[1.061s] INFO:colcon.colcon_core.plugin_system:Skipping extension 'colcon_notification.desktop_notification.terminal_notifier': Not used on non-Darwin systems
[1.061s] INFO:colcon.colcon_core.plugin_system:Skipping extension 'colcon_notification.desktop_notification.win32': Not used on non-Windows systems
[1.061s] INFO:colcon.colcon_notification.desktop_notification:Sending desktop notification using 'notify2'
[1.061s] DEBUG:colcon.colcon_notification.desktop_notification.notify2:Failed to initialize notify2: org.freedesktop.DBus.Error.ServiceUnknown: The name org.freedesktop.Notifications was not provided by any .service files
[1.061s] DEBUG:colcon.colcon_core.event_reactor:joined thread
[1.062s] INFO:colcon.colcon_core.shell:Creating prefix script '/home/sam/ros2_ws/src/rob_monitoring/install/local_setup.ps1'
[1.062s] INFO:colcon.colcon_core.shell:Creating prefix util module '/home/sam/ros2_ws/src/rob_monitoring/install/_local_setup_util_ps1.py'
[1.063s] INFO:colcon.colcon_core.shell:Creating prefix chain script '/home/sam/ros2_ws/src/rob_monitoring/install/setup.ps1'
[1.063s] INFO:colcon.colcon_core.shell:Creating prefix script '/home/sam/ros2_ws/src/rob_monitoring/install/local_setup.sh'
[1.064s] INFO:colcon.colcon_core.shell:Creating prefix util module '/home/sam/ros2_ws/src/rob_monitoring/install/_local_setup_util_sh.py'
[1.064s] INFO:colcon.colcon_core.shell:Creating prefix chain script '/home/sam/ros2_ws/src/rob_monitoring/install/setup.sh'
[1.065s] INFO:colcon.colcon_core.shell:Creating prefix script '/home/sam/ros2_ws/src/rob_monitoring/install/local_setup.bash'
[1.065s] INFO:colcon.colcon_core.shell:Creating prefix chain script '/home/sam/ros2_ws/src/rob_monitoring/install/setup.bash'
[1.066s] INFO:colcon.colcon_core.shell:Creating prefix script '/home/sam/ros2_ws/src/rob_monitoring/install/local_setup.zsh'
[1.066s] INFO:colcon.colcon_core.shell:Creating prefix chain script '/home/sam/ros2_ws/src/rob_monitoring/install/setup.zsh'
