running egg_info
creating ../../build/oakd_camera_node/oakd_camera_node.egg-info
writing ../../build/oakd_camera_node/oakd_camera_node.egg-info/PKG-INFO
writing dependency_links to ../../build/oakd_camera_node/oakd_camera_node.egg-info/dependency_links.txt
writing entry points to ../../build/oakd_camera_node/oakd_camera_node.egg-info/entry_points.txt
writing requirements to ../../build/oakd_camera_node/oakd_camera_node.egg-info/requires.txt
writing top-level names to ../../build/oakd_camera_node/oakd_camera_node.egg-info/top_level.txt
writing manifest file '../../build/oakd_camera_node/oakd_camera_node.egg-info/SOURCES.txt'
reading manifest file '../../build/oakd_camera_node/oakd_camera_node.egg-info/SOURCES.txt'
adding license file 'LICENSE'
writing manifest file '../../build/oakd_camera_node/oakd_camera_node.egg-info/SOURCES.txt'
running build
running build_py
creating /home/buba/evt/Not_Voltron/oak_d_ws/build/oakd_camera_node/build
creating /home/buba/evt/Not_Voltron/oak_d_ws/build/oakd_camera_node/build/lib
creating /home/buba/evt/Not_Voltron/oak_d_ws/build/oakd_camera_node/build/lib/oakd_camera_node
copying oakd_camera_node/__init__.py -> /home/buba/evt/Not_Voltron/oak_d_ws/build/oakd_camera_node/build/lib/oakd_camera_node
copying oakd_camera_node/oakd_camera_node.py -> /home/buba/evt/Not_Voltron/oak_d_ws/build/oakd_camera_node/build/lib/oakd_camera_node
running install
running install_lib
creating /home/buba/evt/Not_Voltron/oak_d_ws/install/oakd_camera_node/lib/python3.10/site-packages/oakd_camera_node
copying /home/buba/evt/Not_Voltron/oak_d_ws/build/oakd_camera_node/build/lib/oakd_camera_node/__init__.py -> /home/buba/evt/Not_Voltron/oak_d_ws/install/oakd_camera_node/lib/python3.10/site-packages/oakd_camera_node
copying /home/buba/evt/Not_Voltron/oak_d_ws/build/oakd_camera_node/build/lib/oakd_camera_node/oakd_camera_node.py -> /home/buba/evt/Not_Voltron/oak_d_ws/install/oakd_camera_node/lib/python3.10/site-packages/oakd_camera_node
byte-compiling /home/buba/evt/Not_Voltron/oak_d_ws/install/oakd_camera_node/lib/python3.10/site-packages/oakd_camera_node/__init__.py to __init__.cpython-310.pyc
byte-compiling /home/buba/evt/Not_Voltron/oak_d_ws/install/oakd_camera_node/lib/python3.10/site-packages/oakd_camera_node/oakd_camera_node.py to oakd_camera_node.cpython-310.pyc
running install_egg_info
Copying ../../build/oakd_camera_node/oakd_camera_node.egg-info to /home/buba/evt/Not_Voltron/oak_d_ws/install/oakd_camera_node/lib/python3.10/site-packages/oakd_camera_node-0.0.1-py3.10.egg-info
running install_scripts
Installing oakd_camera_node script to /home/buba/evt/Not_Voltron/oak_d_ws/install/oakd_camera_node/lib/oakd_camera_node
writing list of installed files to '/home/buba/evt/Not_Voltron/oak_d_ws/build/oakd_camera_node/install.log'
