[0.056s] DEBUG:colcon:Command line arguments: ['/usr/bin/colcon', 'build']
[0.056s] DEBUG:colcon:Parsed command line arguments: Namespace(log_base=None, log_level=None, verb_name='build', build_base='build', install_base='install', merge_install=False, symlink_install=False, test_result_base=None, continue_on_error=False, executor='parallel', parallel_workers=12, event_handlers=None, ignore_user_meta=False, metas=['./colcon.meta'], base_paths=['.'], packages_ignore=None, packages_ignore_regex=None, paths=None, packages_up_to=None, packages_up_to_regex=None, packages_above=None, packages_above_and_dependencies=None, packages_above_depth=None, packages_select_by_dep=None, packages_skip_by_dep=None, packages_skip_up_to=None, packages_select_build_failed=False, packages_skip_build_finished=False, packages_select_test_failures=False, packages_skip_test_passed=False, packages_select=None, packages_skip=None, packages_select_regex=None, packages_skip_regex=None, packages_start=None, packages_end=None, allow_overriding=[], cmake_args=None, cmake_target=None, cmake_target_skip_unavailable=False, cmake_clean_cache=False, cmake_clean_first=False, cmake_force_configure=False, ament_cmake_args=None, catkin_cmake_args=None, catkin_skip_building_tests=False, mixin_files=None, mixin=None, verb_parser=<colcon_mixin.mixin.mixin_argument.MixinArgumentDecorator object at 0x7cd27c349960>, verb_extension=<colcon_core.verb.build.BuildVerb object at 0x7cd27c349420>, main=<bound method BuildVerb.main of <colcon_core.verb.build.BuildVerb object at 0x7cd27c349420>>, mixin_verb=('build',))
[0.132s] Level 1:colcon.colcon_core.package_discovery:discover_packages(colcon_meta) check parameters
[0.132s] Level 1:colcon.colcon_core.package_discovery:discover_packages(recursive) check parameters
[0.132s] Level 1:colcon.colcon_core.package_discovery:discover_packages(ignore) check parameters
[0.132s] Level 1:colcon.colcon_core.package_discovery:discover_packages(path) check parameters
[0.132s] Level 1:colcon.colcon_core.package_discovery:discover_packages(colcon_meta) discover
[0.132s] Level 1:colcon.colcon_core.package_discovery:discover_packages(recursive) discover
[0.132s] INFO:colcon.colcon_core.package_discovery:Crawling recursively for packages in '/home/buba/evt/Not_Voltron/oak_d_ws'
[0.132s] Level 1:colcon.colcon_core.package_identification:_identify(.) by extensions ['ignore', 'ignore_ament_install']
[0.133s] Level 1:colcon.colcon_core.package_identification:_identify(.) by extension 'ignore'
[0.133s] Level 1:colcon.colcon_core.package_identification:_identify(.) by extension 'ignore_ament_install'
[0.133s] Level 1:colcon.colcon_core.package_identification:_identify(.) by extensions ['colcon_pkg']
[0.133s] Level 1:colcon.colcon_core.package_identification:_identify(.) by extension 'colcon_pkg'
[0.133s] Level 1:colcon.colcon_core.package_identification:_identify(.) by extensions ['colcon_meta']
[0.133s] Level 1:colcon.colcon_core.package_identification:_identify(.) by extension 'colcon_meta'
[0.133s] Level 1:colcon.colcon_core.package_identification:_identify(.) by extensions ['ros']
[0.133s] Level 1:colcon.colcon_core.package_identification:_identify(.) by extension 'ros'
[0.139s] Level 1:colcon.colcon_core.package_identification:_identify(.) by extensions ['cmake', 'python']
[0.139s] Level 1:colcon.colcon_core.package_identification:_identify(.) by extension 'cmake'
[0.139s] Level 1:colcon.colcon_core.package_identification:_identify(.) by extension 'python'
[0.139s] Level 1:colcon.colcon_core.package_identification:_identify(.) by extensions ['python_setup_py']
[0.139s] Level 1:colcon.colcon_core.package_identification:_identify(.) by extension 'python_setup_py'
[0.139s] Level 1:colcon.colcon_core.package_identification:_identify(build) by extensions ['ignore', 'ignore_ament_install']
[0.139s] Level 1:colcon.colcon_core.package_identification:_identify(build) by extension 'ignore'
[0.139s] Level 1:colcon.colcon_core.package_identification:_identify(build) ignored
[0.139s] Level 1:colcon.colcon_core.package_identification:_identify(install) by extensions ['ignore', 'ignore_ament_install']
[0.139s] Level 1:colcon.colcon_core.package_identification:_identify(install) by extension 'ignore'
[0.139s] Level 1:colcon.colcon_core.package_identification:_identify(install) ignored
[0.139s] Level 1:colcon.colcon_core.package_identification:_identify(log) by extensions ['ignore', 'ignore_ament_install']
[0.139s] Level 1:colcon.colcon_core.package_identification:_identify(log) by extension 'ignore'
[0.139s] Level 1:colcon.colcon_core.package_identification:_identify(log) ignored
[0.140s] Level 1:colcon.colcon_core.package_identification:_identify(src) by extensions ['ignore', 'ignore_ament_install']
[0.140s] Level 1:colcon.colcon_core.package_identification:_identify(src) by extension 'ignore'
[0.140s] Level 1:colcon.colcon_core.package_identification:_identify(src) by extension 'ignore_ament_install'
[0.140s] Level 1:colcon.colcon_core.package_identification:_identify(src) by extensions ['colcon_pkg']
[0.140s] Level 1:colcon.colcon_core.package_identification:_identify(src) by extension 'colcon_pkg'
[0.140s] Level 1:colcon.colcon_core.package_identification:_identify(src) by extensions ['colcon_meta']
[0.140s] Level 1:colcon.colcon_core.package_identification:_identify(src) by extension 'colcon_meta'
[0.140s] Level 1:colcon.colcon_core.package_identification:_identify(src) by extensions ['ros']
[0.140s] Level 1:colcon.colcon_core.package_identification:_identify(src) by extension 'ros'
[0.140s] Level 1:colcon.colcon_core.package_identification:_identify(src) by extensions ['cmake', 'python']
[0.140s] Level 1:colcon.colcon_core.package_identification:_identify(src) by extension 'cmake'
[0.140s] Level 1:colcon.colcon_core.package_identification:_identify(src) by extension 'python'
[0.140s] Level 1:colcon.colcon_core.package_identification:_identify(src) by extensions ['python_setup_py']
[0.140s] Level 1:colcon.colcon_core.package_identification:_identify(src) by extension 'python_setup_py'
[0.140s] Level 1:colcon.colcon_core.package_identification:_identify(src/oakd_camera_node) by extensions ['ignore', 'ignore_ament_install']
[0.140s] Level 1:colcon.colcon_core.package_identification:_identify(src/oakd_camera_node) by extension 'ignore'
[0.140s] Level 1:colcon.colcon_core.package_identification:_identify(src/oakd_camera_node) by extension 'ignore_ament_install'
[0.140s] Level 1:colcon.colcon_core.package_identification:_identify(src/oakd_camera_node) by extensions ['colcon_pkg']
[0.140s] Level 1:colcon.colcon_core.package_identification:_identify(src/oakd_camera_node) by extension 'colcon_pkg'
[0.140s] Level 1:colcon.colcon_core.package_identification:_identify(src/oakd_camera_node) by extensions ['colcon_meta']
[0.140s] Level 1:colcon.colcon_core.package_identification:_identify(src/oakd_camera_node) by extension 'colcon_meta'
[0.140s] Level 1:colcon.colcon_core.package_identification:_identify(src/oakd_camera_node) by extensions ['ros']
[0.140s] Level 1:colcon.colcon_core.package_identification:_identify(src/oakd_camera_node) by extension 'ros'
[0.141s] DEBUG:colcon.colcon_core.package_identification:Package 'src/oakd_camera_node' with type 'ros.ament_python' and name 'oakd_camera_node'
[0.141s] Level 1:colcon.colcon_core.package_discovery:discover_packages(recursive) using defaults
[0.141s] Level 1:colcon.colcon_core.package_discovery:discover_packages(ignore) discover
[0.141s] Level 1:colcon.colcon_core.package_discovery:discover_packages(ignore) using defaults
[0.141s] Level 1:colcon.colcon_core.package_discovery:discover_packages(path) discover
[0.141s] Level 1:colcon.colcon_core.package_discovery:discover_packages(path) using defaults
[0.152s] Level 1:colcon.colcon_core.package_discovery:discover_packages(prefix_path) check parameters
[0.152s] Level 1:colcon.colcon_core.package_discovery:discover_packages(prefix_path) discover
[0.153s] DEBUG:colcon.colcon_installed_package_information.package_discovery:Found 291 installed packages in /opt/ros/humble
[0.160s] Level 1:colcon.colcon_core.package_discovery:discover_packages(prefix_path) using defaults
[0.178s] Level 5:colcon.colcon_core.verb:set package 'oakd_camera_node' build argument 'cmake_args' from command line to 'None'
[0.178s] Level 5:colcon.colcon_core.verb:set package 'oakd_camera_node' build argument 'cmake_target' from command line to 'None'
[0.178s] Level 5:colcon.colcon_core.verb:set package 'oakd_camera_node' build argument 'cmake_target_skip_unavailable' from command line to 'False'
[0.178s] Level 5:colcon.colcon_core.verb:set package 'oakd_camera_node' build argument 'cmake_clean_cache' from command line to 'False'
[0.178s] Level 5:colcon.colcon_core.verb:set package 'oakd_camera_node' build argument 'cmake_clean_first' from command line to 'False'
[0.178s] Level 5:colcon.colcon_core.verb:set package 'oakd_camera_node' build argument 'cmake_force_configure' from command line to 'False'
[0.178s] Level 5:colcon.colcon_core.verb:set package 'oakd_camera_node' build argument 'ament_cmake_args' from command line to 'None'
[0.178s] Level 5:colcon.colcon_core.verb:set package 'oakd_camera_node' build argument 'catkin_cmake_args' from command line to 'None'
[0.178s] Level 5:colcon.colcon_core.verb:set package 'oakd_camera_node' build argument 'catkin_skip_building_tests' from command line to 'False'
[0.178s] DEBUG:colcon.colcon_core.verb:Building package 'oakd_camera_node' with the following arguments: {'ament_cmake_args': None, 'build_base': '/home/buba/evt/Not_Voltron/oak_d_ws/build/oakd_camera_node', 'catkin_cmake_args': None, 'catkin_skip_building_tests': False, 'cmake_args': None, 'cmake_clean_cache': False, 'cmake_clean_first': False, 'cmake_force_configure': False, 'cmake_target': None, 'cmake_target_skip_unavailable': False, 'install_base': '/home/buba/evt/Not_Voltron/oak_d_ws/install/oakd_camera_node', 'merge_install': False, 'path': '/home/buba/evt/Not_Voltron/oak_d_ws/src/oakd_camera_node', 'symlink_install': False, 'test_result_base': None}
[0.178s] INFO:colcon.colcon_core.executor:Executing jobs using 'parallel' executor
[0.179s] DEBUG:colcon.colcon_parallel_executor.executor.parallel:run_until_complete
[0.179s] INFO:colcon.colcon_ros.task.ament_python.build:Building ROS package in '/home/buba/evt/Not_Voltron/oak_d_ws/src/oakd_camera_node' with build type 'ament_python'
[0.179s] Level 1:colcon.colcon_core.shell:create_environment_hook('oakd_camera_node', 'ament_prefix_path')
[0.180s] INFO:colcon.colcon_core.plugin_system:Skipping extension 'colcon_core.shell.bat': Not used on non-Windows systems
[0.180s] INFO:colcon.colcon_core.shell:Creating environment hook '/home/buba/evt/Not_Voltron/oak_d_ws/install/oakd_camera_node/share/oakd_camera_node/hook/ament_prefix_path.ps1'
[0.180s] INFO:colcon.colcon_core.shell:Creating environment descriptor '/home/buba/evt/Not_Voltron/oak_d_ws/install/oakd_camera_node/share/oakd_camera_node/hook/ament_prefix_path.dsv'
[0.181s] INFO:colcon.colcon_core.shell:Creating environment hook '/home/buba/evt/Not_Voltron/oak_d_ws/install/oakd_camera_node/share/oakd_camera_node/hook/ament_prefix_path.sh'
[0.181s] INFO:colcon.colcon_core.shell:Skip shell extension 'powershell' for command environment: Not usable outside of PowerShell
[0.181s] DEBUG:colcon.colcon_core.shell:Skip shell extension 'dsv' for command environment
[0.319s] WARNING:colcon.colcon_ros.task.ament_python.build:Package 'oakd_camera_node' doesn't explicitly install a marker in the package index (colcon-ros currently does it implicitly but that fallback will be removed in the future)
[0.320s] WARNING:colcon.colcon_ros.task.ament_python.build:Package 'oakd_camera_node' doesn't explicitly install the 'package.xml' file (colcon-ros currently does it implicitly but that fallback will be removed in the future)
[0.320s] INFO:colcon.colcon_core.task.python.build:Building Python package in '/home/buba/evt/Not_Voltron/oak_d_ws/src/oakd_camera_node'
[0.320s] INFO:colcon.colcon_core.shell:Skip shell extension 'powershell' for command environment: Not usable outside of PowerShell
[0.320s] DEBUG:colcon.colcon_core.shell:Skip shell extension 'dsv' for command environment
[0.496s] DEBUG:colcon.colcon_core.event_handler.log_command:Invoking command in '/home/buba/evt/Not_Voltron/oak_d_ws/src/oakd_camera_node': CONDA_PROMPT_MODIFIER=(base) PYTHONPATH=/home/buba/evt/Not_Voltron/oak_d_ws/build/oakd_camera_node/prefix_override:/usr/lib/python3/dist-packages/colcon_core/task/python/colcon_distutils_commands:/home/buba/evt/Not_Voltron/oak_d_ws/install/oakd_camera_node/lib/python3.10/site-packages:${PYTHONPATH} /usr/bin/python3 -W ignore:setup.py install is deprecated setup.py egg_info --egg-base ../../build/oakd_camera_node build --build-base /home/buba/evt/Not_Voltron/oak_d_ws/build/oakd_camera_node/build install --record /home/buba/evt/Not_Voltron/oak_d_ws/build/oakd_camera_node/install.log --single-version-externally-managed
[0.656s] DEBUG:colcon.colcon_core.event_handler.log_command:Invoked command in '/home/buba/evt/Not_Voltron/oak_d_ws/src/oakd_camera_node' returned '0': CONDA_PROMPT_MODIFIER=(base) PYTHONPATH=/home/buba/evt/Not_Voltron/oak_d_ws/build/oakd_camera_node/prefix_override:/usr/lib/python3/dist-packages/colcon_core/task/python/colcon_distutils_commands:/home/buba/evt/Not_Voltron/oak_d_ws/install/oakd_camera_node/lib/python3.10/site-packages:${PYTHONPATH} /usr/bin/python3 -W ignore:setup.py install is deprecated setup.py egg_info --egg-base ../../build/oakd_camera_node build --build-base /home/buba/evt/Not_Voltron/oak_d_ws/build/oakd_camera_node/build install --record /home/buba/evt/Not_Voltron/oak_d_ws/build/oakd_camera_node/install.log --single-version-externally-managed
[0.657s] Level 1:colcon.colcon_core.environment:checking '/home/buba/evt/Not_Voltron/oak_d_ws/install/oakd_camera_node' for CMake module files
[0.657s] Level 1:colcon.colcon_core.environment:checking '/home/buba/evt/Not_Voltron/oak_d_ws/install/oakd_camera_node' for CMake config files
[0.658s] Level 1:colcon.colcon_core.environment:checking '/home/buba/evt/Not_Voltron/oak_d_ws/install/oakd_camera_node/lib'
[0.658s] Level 1:colcon.colcon_core.environment:checking '/home/buba/evt/Not_Voltron/oak_d_ws/install/oakd_camera_node/bin'
[0.658s] Level 1:colcon.colcon_core.environment:checking '/home/buba/evt/Not_Voltron/oak_d_ws/install/oakd_camera_node/lib/pkgconfig/oakd_camera_node.pc'
[0.658s] Level 1:colcon.colcon_core.environment:checking '/home/buba/evt/Not_Voltron/oak_d_ws/install/oakd_camera_node/lib/python3.10/site-packages'
[0.658s] Level 1:colcon.colcon_core.shell:create_environment_hook('oakd_camera_node', 'pythonpath')
[0.658s] INFO:colcon.colcon_core.shell:Creating environment hook '/home/buba/evt/Not_Voltron/oak_d_ws/install/oakd_camera_node/share/oakd_camera_node/hook/pythonpath.ps1'
[0.658s] INFO:colcon.colcon_core.shell:Creating environment descriptor '/home/buba/evt/Not_Voltron/oak_d_ws/install/oakd_camera_node/share/oakd_camera_node/hook/pythonpath.dsv'
[0.659s] INFO:colcon.colcon_core.shell:Creating environment hook '/home/buba/evt/Not_Voltron/oak_d_ws/install/oakd_camera_node/share/oakd_camera_node/hook/pythonpath.sh'
[0.659s] Level 1:colcon.colcon_core.environment:checking '/home/buba/evt/Not_Voltron/oak_d_ws/install/oakd_camera_node/bin'
[0.659s] Level 1:colcon.colcon_core.environment:create_environment_scripts_only(oakd_camera_node)
[0.659s] INFO:colcon.colcon_core.shell:Creating package script '/home/buba/evt/Not_Voltron/oak_d_ws/install/oakd_camera_node/share/oakd_camera_node/package.ps1'
[0.659s] INFO:colcon.colcon_core.shell:Creating package descriptor '/home/buba/evt/Not_Voltron/oak_d_ws/install/oakd_camera_node/share/oakd_camera_node/package.dsv'
[0.660s] INFO:colcon.colcon_core.shell:Creating package script '/home/buba/evt/Not_Voltron/oak_d_ws/install/oakd_camera_node/share/oakd_camera_node/package.sh'
[0.660s] INFO:colcon.colcon_core.shell:Creating package script '/home/buba/evt/Not_Voltron/oak_d_ws/install/oakd_camera_node/share/oakd_camera_node/package.bash'
[0.660s] INFO:colcon.colcon_core.shell:Creating package script '/home/buba/evt/Not_Voltron/oak_d_ws/install/oakd_camera_node/share/oakd_camera_node/package.zsh'
[0.661s] Level 1:colcon.colcon_core.environment:create_file_with_runtime_dependencies(/home/buba/evt/Not_Voltron/oak_d_ws/install/oakd_camera_node/share/colcon-core/packages/oakd_camera_node)
[0.661s] DEBUG:colcon.colcon_parallel_executor.executor.parallel:closing loop
[0.661s] DEBUG:colcon.colcon_parallel_executor.executor.parallel:loop closed
[0.661s] DEBUG:colcon.colcon_parallel_executor.executor.parallel:run_until_complete finished with '0'
[0.661s] DEBUG:colcon.colcon_core.event_reactor:joining thread
[0.665s] INFO:colcon.colcon_core.plugin_system:Skipping extension 'colcon_notification.desktop_notification.terminal_notifier': Not used on non-Darwin systems
[0.665s] INFO:colcon.colcon_core.plugin_system:Skipping extension 'colcon_notification.desktop_notification.win32': Not used on non-Windows systems
[0.665s] INFO:colcon.colcon_notification.desktop_notification:Sending desktop notification using 'notify2'
[0.671s] DEBUG:colcon.colcon_core.event_reactor:joined thread
[0.671s] INFO:colcon.colcon_core.shell:Creating prefix script '/home/buba/evt/Not_Voltron/oak_d_ws/install/local_setup.ps1'
[0.672s] INFO:colcon.colcon_core.shell:Creating prefix util module '/home/buba/evt/Not_Voltron/oak_d_ws/install/_local_setup_util_ps1.py'
[0.673s] INFO:colcon.colcon_core.shell:Creating prefix chain script '/home/buba/evt/Not_Voltron/oak_d_ws/install/setup.ps1'
[0.673s] INFO:colcon.colcon_core.shell:Creating prefix script '/home/buba/evt/Not_Voltron/oak_d_ws/install/local_setup.sh'
[0.673s] INFO:colcon.colcon_core.shell:Creating prefix util module '/home/buba/evt/Not_Voltron/oak_d_ws/install/_local_setup_util_sh.py'
[0.674s] INFO:colcon.colcon_core.shell:Creating prefix chain script '/home/buba/evt/Not_Voltron/oak_d_ws/install/setup.sh'
[0.674s] INFO:colcon.colcon_core.shell:Creating prefix script '/home/buba/evt/Not_Voltron/oak_d_ws/install/local_setup.bash'
[0.674s] INFO:colcon.colcon_core.shell:Creating prefix chain script '/home/buba/evt/Not_Voltron/oak_d_ws/install/setup.bash'
[0.675s] INFO:colcon.colcon_core.shell:Creating prefix script '/home/buba/evt/Not_Voltron/oak_d_ws/install/local_setup.zsh'
[0.675s] INFO:colcon.colcon_core.shell:Creating prefix chain script '/home/buba/evt/Not_Voltron/oak_d_ws/install/setup.zsh'
