running egg_info
creating build/rob_monitoring/rob_monitoring.egg-info
writing build/rob_monitoring/rob_monitoring.egg-info/PKG-INFO
writing dependency_links to build/rob_monitoring/rob_monitoring.egg-info/dependency_links.txt
writing requirements to build/rob_monitoring/rob_monitoring.egg-info/requires.txt
writing top-level names to build/rob_monitoring/rob_monitoring.egg-info/top_level.txt
writing manifest file 'build/rob_monitoring/rob_monitoring.egg-info/SOURCES.txt'
reading manifest file 'build/rob_monitoring/rob_monitoring.egg-info/SOURCES.txt'
writing manifest file 'build/rob_monitoring/rob_monitoring.egg-info/SOURCES.txt'
running build
running build_py
creating /home/sam/ros2_ws/src/rob_monitoring/build/rob_monitoring/build
creating /home/sam/ros2_ws/src/rob_monitoring/build/rob_monitoring/build/lib
creating /home/sam/ros2_ws/src/rob_monitoring/build/rob_monitoring/build/lib/rob_monitoring
copying rob_monitoring/__init__.py -> /home/sam/ros2_ws/src/rob_monitoring/build/rob_monitoring/build/lib/rob_monitoring
copying rob_monitoring/monitoring_node.py -> /home/sam/ros2_ws/src/rob_monitoring/build/rob_monitoring/build/lib/rob_monitoring
running install
running install_lib
creating /home/sam/ros2_ws/src/rob_monitoring/install/rob_monitoring/lib/python3.12/site-packages/rob_monitoring
copying /home/sam/ros2_ws/src/rob_monitoring/build/rob_monitoring/build/lib/rob_monitoring/__init__.py -> /home/sam/ros2_ws/src/rob_monitoring/install/rob_monitoring/lib/python3.12/site-packages/rob_monitoring
copying /home/sam/ros2_ws/src/rob_monitoring/build/rob_monitoring/build/lib/rob_monitoring/monitoring_node.py -> /home/sam/ros2_ws/src/rob_monitoring/install/rob_monitoring/lib/python3.12/site-packages/rob_monitoring
byte-compiling /home/sam/ros2_ws/src/rob_monitoring/install/rob_monitoring/lib/python3.12/site-packages/rob_monitoring/__init__.py to __init__.cpython-312.pyc
byte-compiling /home/sam/ros2_ws/src/rob_monitoring/install/rob_monitoring/lib/python3.12/site-packages/rob_monitoring/monitoring_node.py to monitoring_node.cpython-312.pyc
running install_data
creating /home/sam/ros2_ws/src/rob_monitoring/install/rob_monitoring/share/ament_index
creating /home/sam/ros2_ws/src/rob_monitoring/install/rob_monitoring/share/ament_index/resource_index
creating /home/sam/ros2_ws/src/rob_monitoring/install/rob_monitoring/share/ament_index/resource_index/packages
copying resource/rob_monitoring -> /home/sam/ros2_ws/src/rob_monitoring/install/rob_monitoring/share/ament_index/resource_index/packages
copying package.xml -> /home/sam/ros2_ws/src/rob_monitoring/install/rob_monitoring/share/rob_monitoring
running install_egg_info
Copying build/rob_monitoring/rob_monitoring.egg-info to /home/sam/ros2_ws/src/rob_monitoring/install/rob_monitoring/lib/python3.12/site-packages/rob_monitoring-0.0.0-py3.12.egg-info
running install_scripts
writing list of installed files to '/home/sam/ros2_ws/src/rob_monitoring/build/rob_monitoring/install.log'
